[2026-02-12 10:01:04] ================================================================================
[2026-02-12 10:01:04] JOB SEARCH SESSION STARTED
[2026-02-12 10:01:04] ================================================================================
[2026-02-12 10:01:04] Score threshold: 85
[2026-02-12 10:01:04] Max results: unlimited
[2026-02-12 10:01:04] Log file: /app/logs/search_session_20260212_100104.log
[2026-02-12 10:01:04] 
[2026-02-12 10:01:04] Active Role: Senior Full Stack Developer - React & FastAPI
[2026-02-12 10:01:04] 
[2026-02-12 10:01:04] Search Session ID: 6
[2026-02-12 10:01:04] 
[2026-02-12 10:01:04] Found 3 URLs in watchlist
[2026-02-12 10:01:04] --------------------------------------------------------------------------------
[2026-02-12 10:01:04] 
[2026-02-12 10:01:04] Searching: https://careers.google.com
[2026-02-12 10:01:04]   Found 3 opportunities above threshold 85
[2026-02-12 10:01:04]   Saved: https://careers.google.com/job-posting-5272 (score: 87)
[2026-02-12 10:01:04]   Saved: https://careers.google.com/job-posting-8499 (score: 87)
[2026-02-12 10:01:04]   Saved: https://careers.google.com/job-posting-2308 (score: 97)
[2026-02-12 10:01:04] 
[2026-02-12 10:01:04] Searching: https://careers.microsoft.com
[2026-02-12 10:01:04]   Found 2 opportunities above threshold 85
[2026-02-12 10:01:04]   Saved: https://careers.microsoft.com/job-posting-7424 (score: 85)
[2026-02-12 10:01:04]   Saved: https://careers.microsoft.com/job-posting-9735 (score: 89)
[2026-02-12 10:01:04] 
[2026-02-12 10:01:04] Searching: https://www.linkedin.com/jobs
[2026-02-12 10:01:04]   Found 2 opportunities above threshold 85
[2026-02-12 10:01:04]   Saved: https://www.linkedin.com/jobs/job-posting-9795 (score: 97)
[2026-02-12 10:01:04]   Saved: https://www.linkedin.com/jobs/job-posting-5852 (score: 97)
[2026-02-12 10:01:04] 
[2026-02-12 10:01:04] --------------------------------------------------------------------------------
[2026-02-12 10:01:04] SEARCH SESSION COMPLETED
[2026-02-12 10:01:04] Duration: 0.08 seconds
[2026-02-12 10:01:04] New opportunities found: 7
[2026-02-12 10:01:04] Session ID: 6
[2026-02-12 10:01:04] ================================================================================
