[2026-02-12 10:07:58] ================================================================================
[2026-02-12 10:07:58] JOB SEARCH SESSION STARTED
[2026-02-12 10:07:58] ================================================================================
[2026-02-12 10:07:58] Score threshold: 85
[2026-02-12 10:07:58] Max results: unlimited
[2026-02-12 10:07:58] Log file: /app/logs/search_session_20260212_100758.log
[2026-02-12 10:07:58] 
[2026-02-12 10:07:58] Active Role: Senior Full Stack Developer - React & FastAPI
[2026-02-12 10:07:58] 
[2026-02-12 10:07:58] Search Session ID: 6
[2026-02-12 10:07:58] 
[2026-02-12 10:07:58] Found 3 URLs in watchlist
[2026-02-12 10:07:58] --------------------------------------------------------------------------------
[2026-02-12 10:07:58] 
[2026-02-12 10:07:58] Searching: https://careers.google.com
[2026-02-12 10:07:58]   Found 2 opportunities above threshold 85
[2026-02-12 10:07:58]   Saved: https://careers.google.com/job-posting-4625 (score: 95)
[2026-02-12 10:07:58]   Saved: https://careers.google.com/job-posting-1633 (score: 96)
[2026-02-12 10:07:58] 
[2026-02-12 10:07:58] Searching: https://careers.microsoft.com
[2026-02-12 10:07:58]   Found 3 opportunities above threshold 85
[2026-02-12 10:07:58]   Saved: https://careers.microsoft.com/job-posting-9364 (score: 100)
[2026-02-12 10:07:58]   Saved: https://careers.microsoft.com/job-posting-1542 (score: 85)
[2026-02-12 10:07:58]   Saved: https://careers.microsoft.com/job-posting-7861 (score: 96)
[2026-02-12 10:07:58] 
[2026-02-12 10:07:58] Searching: https://www.linkedin.com/jobs
[2026-02-12 10:07:58]   Found 1 opportunities above threshold 85
[2026-02-12 10:07:58]   Saved: https://www.linkedin.com/jobs/job-posting-8161 (score: 90)
[2026-02-12 10:07:58] 
[2026-02-12 10:07:58] --------------------------------------------------------------------------------
[2026-02-12 10:07:58] SEARCH SESSION COMPLETED
[2026-02-12 10:07:58] Duration: 0.07 seconds
[2026-02-12 10:07:58] New opportunities found: 6
[2026-02-12 10:07:58] Session ID: 6
[2026-02-12 10:07:58] ================================================================================
